This file contains any messages produced by compilers while
running configure, to aid debugging if configure makes a mistake.

It was created by jellyfish configure 2.2.10, which was
generated by GNU Autoconf 2.69.  Invocation command line was

  $ ./configure 

## --------- ##
## Platform. ##
## --------- ##

hostname = Alpha
uname -m = x86_64
uname -r = 3.13.0-95-generic
uname -s = Linux
uname -v = #142-Ubuntu SMP Fri Aug 12 17:00:09 UTC 2016

/usr/bin/uname -p = x86_64
/bin/uname -X     = unknown

/bin/arch              = unknown
/usr/bin/arch -k       = unknown
/usr/convex/getsysinfo = unknown
/usr/bin/hostinfo      = unknown
/bin/machine           = unknown
/usr/bin/oslevel       = unknown
/bin/universe          = unknown

PATH: /home3/scc20x/bin
PATH: /software/bin
PATH: /software/bin/lofreq/bin
PATH: /software/bin/shorah
PATH: /software/bin/novocraft
PATH: /software/bin/Anwesh
PATH: .
PATH: /software/FastQC_0.11.2
PATH: /software/bedtools2.22.1/bin
PATH: /software/ugene-1.15.1
PATH: /software/sratoolkit.2.8.2-1-ubuntu64/bin
PATH: /software/FigTree_v1.4.2
PATH: /software/BEASTv1.8.2/bin
PATH: /software/MOSAIK-2.2.3
PATH: /software/SPAdes-3.10.1-Linux/bin
PATH: /software/velvet_1.2.10
PATH: /software/metAMOS-1.5rc3_phrap
PATH: /software/consed_28.0/bin
PATH: /software/SSPACE-STANDARD-3.0_linux-x86_64
PATH: /software/metacortex-master/bin
PATH: /software/trinityrnaseq_r20140717
PATH: /software/pplacer-v1.1.alpha16
PATH: /software/bamtools-master/bin
PATH: /software/tophat-2.0.13/bin
PATH: /software/amos/bin
PATH: /software/kraken
PATH: /software/GARM_v0.7.5
PATH: /software/samtools-1.1/misc
PATH: /software/quast
PATH: /software/CISA1.3
PATH: /software/blat_suite
PATH: /software/kanalyze-0.9.7
PATH: /software/PAGIT/ICORN2
PATH: /software/ucscUtils/bin
PATH: /software/BESST-master
PATH: /software/DIGS-tool
PATH: /software/gap4/bin
PATH: /software/FigTree_v1.4.2/lib
PATH: /software/broad_institute_tools
PATH: /software/bcl2fastq/bin
PATH: /software/KronaTools-2.7/bin
PATH: /software/abyss-1.9.0/bin
PATH: /software/circos-0.69/bin
PATH: /usr/lib/qiime/bin/
PATH: /usr/lib/starfusion
PATH: /usr/local/bin
PATH: /software/idba-1.1.2/bin
PATH: /software/ribopicker-standalone-0.4.3
PATH: /software/edirect
PATH: /software/ViReMa/
PATH: /software/jmodeltest2/dist
PATH: /software/prottest3/dist
PATH: /software/ncbi-blast-2.4.0+/bin
PATH: /software/lofreq_star-2.1.2/bin
PATH: /software/RSEM/bin
PATH: /software/iqtree-omp-1.4.4-Linux/bin
PATH: /software/metaViC
PATH: /software/subread-1.5.1-Linux-x86_64/bin
PATH: /software/subread-1.5.1-Linux-x86_64/bin/utilities
PATH: /software/gmap
PATH: /software/bowtie2-2.3.1
PATH: /usr/local/sbin
PATH: /usr/local/bin
PATH: /usr/sbin
PATH: /usr/bin
PATH: /sbin
PATH: /bin
PATH: /usr/games
PATH: /usr/local/games
PATH: /opt/dell/srvadmin/bin


## ----------- ##
## Core tests. ##
## ----------- ##

configure:2620: checking build system type
configure:2634: result: x86_64-unknown-linux-gnu
configure:2654: checking host system type
configure:2667: result: x86_64-unknown-linux-gnu
configure:2704: checking for a BSD-compatible install
configure:2772: result: /usr/bin/install -c
configure:2783: checking whether build environment is sane
configure:2838: result: yes
configure:2989: checking for a thread-safe mkdir -p
configure:3028: result: /bin/mkdir -p
configure:3035: checking for gawk
configure:3051: found /usr/bin/gawk
configure:3062: result: gawk
configure:3073: checking whether make sets $(MAKE)
configure:3095: result: yes
configure:3124: checking whether make supports nested variables
configure:3141: result: yes
configure:3277: checking whether make supports nested variables
configure:3294: result: yes
configure:3354: checking how to print strings
configure:3381: result: printf
configure:3414: checking for style of include used by make
configure:3442: result: GNU
configure:3513: checking for gcc
configure:3529: found /usr/bin/gcc
configure:3540: result: gcc
configure:3769: checking for C compiler version
configure:3778: gcc --version >&5
gcc (Ubuntu 4.8.4-2ubuntu1~14.04.4) 4.8.4
Copyright (C) 2013 Free Software Foundation, Inc.
This is free software; see the source for copying conditions.  There is NO
warranty; not even for MERCHANTABILITY or FITNESS FOR A PARTICULAR PURPOSE.

configure:3789: $? = 0
configure:3778: gcc -v >&5
Using built-in specs.
COLLECT_GCC=gcc
COLLECT_LTO_WRAPPER=/usr/lib/gcc/x86_64-linux-gnu/4.8/lto-wrapper
Target: x86_64-linux-gnu
Configured with: ../src/configure -v --with-pkgversion='Ubuntu 4.8.4-2ubuntu1~14.04.4' --with-bugurl=file:///usr/share/doc/gcc-4.8/README.Bugs --enable-languages=c,c++,java,go,d,fortran,objc,obj-c++ --prefix=/usr --program-suffix=-4.8 --enable-shared --enable-linker-build-id --libexecdir=/usr/lib --without-included-gettext --enable-threads=posix --with-gxx-include-dir=/usr/include/c++/4.8 --libdir=/usr/lib --enable-nls --with-sysroot=/ --enable-clocale=gnu --enable-libstdcxx-debug --enable-libstdcxx-time=yes --enable-gnu-unique-object --disable-libmudflap --enable-plugin --with-system-zlib --disable-browser-plugin --enable-java-awt=gtk --enable-gtk-cairo --with-java-home=/usr/lib/jvm/java-1.5.0-gcj-4.8-amd64/jre --enable-java-home --with-jvm-root-dir=/usr/lib/jvm/java-1.5.0-gcj-4.8-amd64 --with-jvm-jar-dir=/usr/lib/jvm-exports/java-1.5.0-gcj-4.8-amd64 --with-arch-directory=amd64 --with-ecj-jar=/usr/share/java/eclipse-ecj.jar --enable-objc-gc --enable-multiarch --disable-werror --with-arch-32=i686 --with-abi=m64 --with-multilib-list=m32,m64,mx32 --with-tune=generic --enable-checking=release --build=x86_64-linux-gnu --host=x86_64-linux-gnu --target=x86_64-linux-gnu
Thread model: posix
gcc version 4.8.4 (Ubuntu 4.8.4-2ubuntu1~14.04.4) 
configure:3789: $? = 0
configure:3778: gcc -V >&5
gcc: error: unrecognized command line option '-V'
gcc: fatal error: no input files
compilation terminated.
configure:3789: $? = 4
configure:3778: gcc -qversion >&5
gcc: error: unrecognized command line option '-qversion'
gcc: fatal error: no input files
compilation terminated.
configure:3789: $? = 4
configure:3809: checking whether the C compiler works
configure:3831: gcc    conftest.c  >&5
configure:3835: $? = 0
configure:3883: result: yes
configure:3886: checking for C compiler default output file name
configure:3888: result: a.out
configure:3894: checking for suffix of executables
configure:3901: gcc -o conftest    conftest.c  >&5
configure:3905: $? = 0
configure:3927: result: 
configure:3949: checking whether we are cross compiling
configure:3957: gcc -o conftest    conftest.c  >&5
configure:3961: $? = 0
configure:3968: ./conftest
configure:3972: $? = 0
configure:3987: result: no
configure:3992: checking for suffix of object files
configure:4014: gcc -c   conftest.c >&5
configure:4018: $? = 0
configure:4039: result: o
configure:4043: checking whether we are using the GNU C compiler
configure:4062: gcc -c   conftest.c >&5
configure:4062: $? = 0
configure:4071: result: yes
configure:4080: checking whether gcc accepts -g
configure:4100: gcc -c -g  conftest.c >&5
configure:4100: $? = 0
configure:4141: result: yes
configure:4158: checking for gcc option to accept ISO C89
configure:4221: gcc  -c -g -O2  conftest.c >&5
configure:4221: $? = 0
configure:4234: result: none needed
configure:4259: checking whether gcc understands -c and -o together
configure:4281: gcc -c conftest.c -o conftest2.o
configure:4284: $? = 0
configure:4281: gcc -c conftest.c -o conftest2.o
configure:4284: $? = 0
configure:4296: result: yes
configure:4315: checking dependency style of gcc
configure:4426: result: gcc3
configure:4441: checking for a sed that does not truncate output
configure:4505: result: /bin/sed
configure:4523: checking for grep that handles long lines and -e
configure:4581: result: /bin/grep
configure:4586: checking for egrep
configure:4648: result: /bin/grep -E
configure:4653: checking for fgrep
configure:4715: result: /bin/grep -F
configure:4750: checking for ld used by gcc
configure:4817: result: /usr/bin/ld
configure:4824: checking if the linker (/usr/bin/ld) is GNU ld
configure:4839: result: yes
configure:4851: checking for BSD- or MS-compatible name lister (nm)
configure:4900: result: /usr/bin/nm -B
configure:5030: checking the name lister (/usr/bin/nm -B) interface
configure:5037: gcc -c -g -O2  conftest.c >&5
configure:5040: /usr/bin/nm -B "conftest.o"
configure:5043: output
0000000000000000 B some_variable
configure:5050: result: BSD nm
configure:5053: checking whether ln -s works
configure:5057: result: yes
configure:5065: checking the maximum length of command line arguments
configure:5196: result: 1572864
configure:5213: checking whether the shell understands some XSI constructs
configure:5223: result: yes
configure:5227: checking whether the shell understands "+="
configure:5233: result: yes
configure:5268: checking how to convert x86_64-unknown-linux-gnu file names to x86_64-unknown-linux-gnu format
configure:5308: result: func_convert_file_noop
configure:5315: checking how to convert x86_64-unknown-linux-gnu file names to toolchain format
configure:5335: result: func_convert_file_noop
configure:5342: checking for /usr/bin/ld option to reload object files
configure:5349: result: -r
configure:5423: checking for objdump
configure:5439: found /usr/bin/objdump
configure:5450: result: objdump
configure:5482: checking how to recognize dependent libraries
configure:5680: result: pass_all
configure:5765: checking for dlltool
configure:5795: result: no
configure:5825: checking how to associate runtime and link libraries
configure:5852: result: printf %s\n
configure:5913: checking for ar
configure:5929: found /usr/bin/ar
configure:5940: result: ar
configure:5977: checking for archiver @FILE support
configure:5994: gcc -c -g -O2  conftest.c >&5
configure:5994: $? = 0
configure:5997: ar cru libconftest.a @conftest.lst >&5
configure:6000: $? = 0
configure:6005: ar cru libconftest.a @conftest.lst >&5
ar: conftest.o: No such file or directory
configure:6008: $? = 1
configure:6020: result: @
configure:6078: checking for strip
configure:6094: found /usr/bin/strip
configure:6105: result: strip
configure:6177: checking for ranlib
configure:6193: found /usr/bin/ranlib
configure:6204: result: ranlib
configure:6306: checking command to parse /usr/bin/nm -B output from gcc object
configure:6426: gcc -c -g -O2  conftest.c >&5
configure:6429: $? = 0
configure:6433: /usr/bin/nm -B conftest.o \| sed -n -e 's/^.*[ ]\([ABCDGIRSTW][ABCDGIRSTW]*\)[ ][ ]*\([_A-Za-z][_A-Za-z0-9]*\)$/\1 \2 \2/p' | sed '/ __gnu_lto/d' \> conftest.nm
configure:6436: $? = 0
configure:6502: gcc -o conftest -g -O2   conftest.c conftstm.o >&5
configure:6505: $? = 0
configure:6543: result: ok
configure:6580: checking for sysroot
configure:6610: result: no
configure:6687: gcc -c -g -O2  conftest.c >&5
configure:6690: $? = 0
configure:6879: checking for mt
configure:6895: found /bin/mt
configure:6906: result: mt
configure:6929: checking if mt is a manifest tool
configure:6935: mt '-?'
configure:6943: result: no
configure:7585: checking how to run the C preprocessor
configure:7616: gcc -E  conftest.c
configure:7616: $? = 0
configure:7630: gcc -E  conftest.c
conftest.c:11:28: fatal error: ac_nonexistent.h: No such file or directory
 #include <ac_nonexistent.h>
                            ^
compilation terminated.
configure:7630: $? = 1
configure: failed program was:
| /* confdefs.h */
| #define PACKAGE_NAME "jellyfish"
| #define PACKAGE_TARNAME "jellyfish"
| #define PACKAGE_VERSION "2.2.10"
| #define PACKAGE_STRING "jellyfish 2.2.10"
| #define PACKAGE_BUGREPORT "gmarcais@umd.edu"
| #define PACKAGE_URL ""
| #define PACKAGE "jellyfish"
| #define VERSION "2.2.10"
| /* end confdefs.h.  */
| #include <ac_nonexistent.h>
configure:7655: result: gcc -E
configure:7675: gcc -E  conftest.c
configure:7675: $? = 0
configure:7689: gcc -E  conftest.c
conftest.c:11:28: fatal error: ac_nonexistent.h: No such file or directory
 #include <ac_nonexistent.h>
                            ^
compilation terminated.
configure:7689: $? = 1
configure: failed program was:
| /* confdefs.h */
| #define PACKAGE_NAME "jellyfish"
| #define PACKAGE_TARNAME "jellyfish"
| #define PACKAGE_VERSION "2.2.10"
| #define PACKAGE_STRING "jellyfish 2.2.10"
| #define PACKAGE_BUGREPORT "gmarcais@umd.edu"
| #define PACKAGE_URL ""
| #define PACKAGE "jellyfish"
| #define VERSION "2.2.10"
| /* end confdefs.h.  */
| #include <ac_nonexistent.h>
configure:7718: checking for ANSI C header files
configure:7738: gcc -c -g -O2  conftest.c >&5
configure:7738: $? = 0
configure:7811: gcc -o conftest -g -O2   conftest.c  >&5
configure:7811: $? = 0
configure:7811: ./conftest
configure:7811: $? = 0
configure:7822: result: yes
configure:7835: checking for sys/types.h
configure:7835: gcc -c -g -O2  conftest.c >&5
configure:7835: $? = 0
configure:7835: result: yes
configure:7835: checking for sys/stat.h
configure:7835: gcc -c -g -O2  conftest.c >&5
configure:7835: $? = 0
configure:7835: result: yes
configure:7835: checking for stdlib.h
configure:7835: gcc -c -g -O2  conftest.c >&5
configure:7835: $? = 0
configure:7835: result: yes
configure:7835: checking for string.h
configure:7835: gcc -c -g -O2  conftest.c >&5
configure:7835: $? = 0
configure:7835: result: yes
configure:7835: checking for memory.h
configure:7835: gcc -c -g -O2  conftest.c >&5
configure:7835: $? = 0
configure:7835: result: yes
configure:7835: checking for strings.h
configure:7835: gcc -c -g -O2  conftest.c >&5
configure:7835: $? = 0
configure:7835: result: yes
configure:7835: checking for inttypes.h
configure:7835: gcc -c -g -O2  conftest.c >&5
configure:7835: $? = 0
configure:7835: result: yes
configure:7835: checking for stdint.h
configure:7835: gcc -c -g -O2  conftest.c >&5
configure:7835: $? = 0
configure:7835: result: yes
configure:7835: checking for unistd.h
configure:7835: gcc -c -g -O2  conftest.c >&5
configure:7835: $? = 0
configure:7835: result: yes
configure:7849: checking for dlfcn.h
configure:7849: gcc -c -g -O2  conftest.c >&5
configure:7849: $? = 0
configure:7849: result: yes
configure:8055: checking for objdir
configure:8070: result: .libs
configure:8341: checking if gcc supports -fno-rtti -fno-exceptions
configure:8359: gcc -c -g -O2  -fno-rtti -fno-exceptions conftest.c >&5
cc1: warning: command line option '-fno-rtti' is valid for C++/ObjC++ but not for C [enabled by default]
configure:8363: $? = 0
configure:8376: result: no
configure:8703: checking for gcc option to produce PIC
configure:8710: result: -fPIC -DPIC
configure:8718: checking if gcc PIC flag -fPIC -DPIC works
configure:8736: gcc -c -g -O2  -fPIC -DPIC -DPIC conftest.c >&5
configure:8740: $? = 0
configure:8753: result: yes
configure:8782: checking if gcc static flag -static works
configure:8810: result: yes
configure:8825: checking if gcc supports -c -o file.o
configure:8846: gcc -c -g -O2  -o out/conftest2.o conftest.c >&5
configure:8850: $? = 0
configure:8872: result: yes
configure:8880: checking if gcc supports -c -o file.o
configure:8927: result: yes
configure:8960: checking whether the gcc linker (/usr/bin/ld -m elf_x86_64) supports shared libraries
configure:10117: result: yes
configure:10154: checking whether -lc should be explicitly linked in
configure:10162: gcc -c -g -O2  conftest.c >&5
configure:10165: $? = 0
configure:10180: gcc -shared  -fPIC -DPIC conftest.o  -v -Wl,-soname -Wl,conftest -o conftest 2\>\&1 \| /bin/grep  -lc  \>/dev/null 2\>\&1
configure:10183: $? = 0
configure:10197: result: no
configure:10357: checking dynamic linker characteristics
configure:10857: gcc -o conftest -g -O2   -Wl,-rpath -Wl,/foo conftest.c  >&5
configure:10857: $? = 0
configure:11091: result: GNU/Linux ld.so
configure:11198: checking how to hardcode library paths into programs
configure:11223: result: immediate
configure:11763: checking whether stripping libraries is possible
configure:11768: result: yes
configure:11803: checking if libtool supports shared libraries
configure:11805: result: yes
configure:11808: checking whether to build shared libraries
configure:11829: result: yes
configure:11832: checking whether to build static libraries
configure:11836: result: yes
configure:11898: checking for ld used by gcc
configure:11965: result: /usr/bin/ld -m elf_x86_64
configure:11972: checking if the linker (/usr/bin/ld -m elf_x86_64) is GNU ld
configure:11987: result: yes
configure:11994: checking for shared library run path origin
configure:12007: result: done
configure:12080: checking for pkg-config
configure:12098: found /usr/bin/pkg-config
configure:12110: result: /usr/bin/pkg-config
configure:12135: checking pkg-config is at least version 0.9.0
configure:12138: result: yes
configure:12212: checking for g++
configure:12228: found /usr/bin/g++
configure:12239: result: g++
configure:12266: checking for C++ compiler version
configure:12275: g++ --version >&5
g++ (Ubuntu 4.8.4-2ubuntu1~14.04.4) 4.8.4
Copyright (C) 2013 Free Software Foundation, Inc.
This is free software; see the source for copying conditions.  There is NO
warranty; not even for MERCHANTABILITY or FITNESS FOR A PARTICULAR PURPOSE.

configure:12286: $? = 0
configure:12275: g++ -v >&5
Using built-in specs.
COLLECT_GCC=g++
COLLECT_LTO_WRAPPER=/usr/lib/gcc/x86_64-linux-gnu/4.8/lto-wrapper
Target: x86_64-linux-gnu
Configured with: ../src/configure -v --with-pkgversion='Ubuntu 4.8.4-2ubuntu1~14.04.4' --with-bugurl=file:///usr/share/doc/gcc-4.8/README.Bugs --enable-languages=c,c++,java,go,d,fortran,objc,obj-c++ --prefix=/usr --program-suffix=-4.8 --enable-shared --enable-linker-build-id --libexecdir=/usr/lib --without-included-gettext --enable-threads=posix --with-gxx-include-dir=/usr/include/c++/4.8 --libdir=/usr/lib --enable-nls --with-sysroot=/ --enable-clocale=gnu --enable-libstdcxx-debug --enable-libstdcxx-time=yes --enable-gnu-unique-object --disable-libmudflap --enable-plugin --with-system-zlib --disable-browser-plugin --enable-java-awt=gtk --enable-gtk-cairo --with-java-home=/usr/lib/jvm/java-1.5.0-gcj-4.8-amd64/jre --enable-java-home --with-jvm-root-dir=/usr/lib/jvm/java-1.5.0-gcj-4.8-amd64 --with-jvm-jar-dir=/usr/lib/jvm-exports/java-1.5.0-gcj-4.8-amd64 --with-arch-directory=amd64 --with-ecj-jar=/usr/share/java/eclipse-ecj.jar --enable-objc-gc --enable-multiarch --disable-werror --with-arch-32=i686 --with-abi=m64 --with-multilib-list=m32,m64,mx32 --with-tune=generic --enable-checking=release --build=x86_64-linux-gnu --host=x86_64-linux-gnu --target=x86_64-linux-gnu
Thread model: posix
gcc version 4.8.4 (Ubuntu 4.8.4-2ubuntu1~14.04.4) 
configure:12286: $? = 0
configure:12275: g++ -V >&5
g++: error: unrecognized command line option '-V'
g++: fatal error: no input files
compilation terminated.
configure:12286: $? = 4
configure:12275: g++ -qversion >&5
g++: error: unrecognized command line option '-qversion'
g++: fatal error: no input files
compilation terminated.
configure:12286: $? = 4
configure:12290: checking whether we are using the GNU C++ compiler
configure:12309: g++ -c   conftest.cpp >&5
configure:12309: $? = 0
configure:12318: result: yes
configure:12327: checking whether g++ accepts -g
configure:12347: g++ -c -g  conftest.cpp >&5
configure:12347: $? = 0
configure:12388: result: yes
configure:12413: checking dependency style of g++
configure:12524: result: gcc3
configure:12557: checking how to run the C++ preprocessor
configure:12584: g++ -E  conftest.cpp
configure:12584: $? = 0
configure:12598: g++ -E  conftest.cpp
conftest.cpp:23:28: fatal error: ac_nonexistent.h: No such file or directory
 #include <ac_nonexistent.h>
                            ^
compilation terminated.
configure:12598: $? = 1
configure: failed program was:
| /* confdefs.h */
| #define PACKAGE_NAME "jellyfish"
| #define PACKAGE_TARNAME "jellyfish"
| #define PACKAGE_VERSION "2.2.10"
| #define PACKAGE_STRING "jellyfish 2.2.10"
| #define PACKAGE_BUGREPORT "gmarcais@umd.edu"
| #define PACKAGE_URL ""
| #define PACKAGE "jellyfish"
| #define VERSION "2.2.10"
| #define STDC_HEADERS 1
| #define HAVE_SYS_TYPES_H 1
| #define HAVE_SYS_STAT_H 1
| #define HAVE_STDLIB_H 1
| #define HAVE_STRING_H 1
| #define HAVE_MEMORY_H 1
| #define HAVE_STRINGS_H 1
| #define HAVE_INTTYPES_H 1
| #define HAVE_STDINT_H 1
| #define HAVE_UNISTD_H 1
| #define HAVE_DLFCN_H 1
| #define LT_OBJDIR ".libs/"
| /* end confdefs.h.  */
| #include <ac_nonexistent.h>
configure:12623: result: g++ -E
configure:12643: g++ -E  conftest.cpp
configure:12643: $? = 0
configure:12657: g++ -E  conftest.cpp
conftest.cpp:23:28: fatal error: ac_nonexistent.h: No such file or directory
 #include <ac_nonexistent.h>
                            ^
compilation terminated.
configure:12657: $? = 1
configure: failed program was:
| /* confdefs.h */
| #define PACKAGE_NAME "jellyfish"
| #define PACKAGE_TARNAME "jellyfish"
| #define PACKAGE_VERSION "2.2.10"
| #define PACKAGE_STRING "jellyfish 2.2.10"
| #define PACKAGE_BUGREPORT "gmarcais@umd.edu"
| #define PACKAGE_URL ""
| #define PACKAGE "jellyfish"
| #define VERSION "2.2.10"
| #define STDC_HEADERS 1
| #define HAVE_SYS_TYPES_H 1
| #define HAVE_SYS_STAT_H 1
| #define HAVE_STDLIB_H 1
| #define HAVE_STRING_H 1
| #define HAVE_MEMORY_H 1
| #define HAVE_STRINGS_H 1
| #define HAVE_INTTYPES_H 1
| #define HAVE_STDINT_H 1
| #define HAVE_UNISTD_H 1
| #define HAVE_DLFCN_H 1
| #define LT_OBJDIR ".libs/"
| /* end confdefs.h.  */
| #include <ac_nonexistent.h>
configure:12826: checking for ld used by g++
configure:12893: result: /usr/bin/ld -m elf_x86_64
configure:12900: checking if the linker (/usr/bin/ld -m elf_x86_64) is GNU ld
configure:12915: result: yes
configure:12970: checking whether the g++ linker (/usr/bin/ld -m elf_x86_64) supports shared libraries
configure:13972: result: yes
configure:14008: g++ -c -g -O2  conftest.cpp >&5
configure:14011: $? = 0
configure:14531: checking for g++ option to produce PIC
configure:14538: result: -fPIC -DPIC
configure:14546: checking if g++ PIC flag -fPIC -DPIC works
configure:14564: g++ -c -g -O2  -fPIC -DPIC -DPIC conftest.cpp >&5
configure:14568: $? = 0
configure:14581: result: yes
configure:14604: checking if g++ static flag -static works
configure:14632: result: yes
configure:14644: checking if g++ supports -c -o file.o
configure:14665: g++ -c -g -O2  -o out/conftest2.o conftest.cpp >&5
configure:14669: $? = 0
configure:14691: result: yes
configure:14696: checking if g++ supports -c -o file.o
configure:14743: result: yes
configure:14773: checking whether the g++ linker (/usr/bin/ld -m elf_x86_64) supports shared libraries
configure:14812: result: yes
configure:14953: checking dynamic linker characteristics
configure:15621: result: GNU/Linux ld.so
configure:15674: checking how to hardcode library paths into programs
configure:15699: result: immediate
configure:15825: checking for HTSLIB
configure:15832: $PKG_CONFIG --exists --print-errors "htslib"
Package htslib was not found in the pkg-config search path.
Perhaps you should add the directory containing `htslib.pc'
to the PKG_CONFIG_PATH environment variable
No package 'htslib' found
configure:15835: $? = 1
configure:15849: $PKG_CONFIG --exists --print-errors "htslib"
Package htslib was not found in the pkg-config search path.
Perhaps you should add the directory containing `htslib.pc'
to the PKG_CONFIG_PATH environment variable
No package 'htslib' found
configure:15852: $? = 1
configure:15866: result: no
No package 'htslib' found
configure:15962: checking for samtools
configure:15980: found /software/bin/samtools
configure:15992: result: /software/bin/samtools
configure:16007: checking for md5sum
configure:16023: found /usr/bin/md5sum
configure:16034: result: md5sum
configure:16091: checking for yaggo
configure:16122: result: false
configure:16152: checking for x86 cpuid  output
configure:16184: gcc -o conftest -g -O2   conftest.c  >&5
conftest.c: In function 'main':
conftest.c:28:15: error: expected expression before ',' token
      int op = , level = 0, eax, ebx, ecx, edx;
               ^
configure:16184: $? = 1
configure: program exited with status 1
configure: failed program was:
| /* confdefs.h */
| #define PACKAGE_NAME "jellyfish"
| #define PACKAGE_TARNAME "jellyfish"
| #define PACKAGE_VERSION "2.2.10"
| #define PACKAGE_STRING "jellyfish 2.2.10"
| #define PACKAGE_BUGREPORT "gmarcais@umd.edu"
| #define PACKAGE_URL ""
| #define PACKAGE "jellyfish"
| #define VERSION "2.2.10"
| #define STDC_HEADERS 1
| #define HAVE_SYS_TYPES_H 1
| #define HAVE_SYS_STAT_H 1
| #define HAVE_STDLIB_H 1
| #define HAVE_STRING_H 1
| #define HAVE_MEMORY_H 1
| #define HAVE_STRINGS_H 1
| #define HAVE_INTTYPES_H 1
| #define HAVE_STDINT_H 1
| #define HAVE_UNISTD_H 1
| #define HAVE_DLFCN_H 1
| #define LT_OBJDIR ".libs/"
| /* end confdefs.h.  */
| #include <stdio.h>
| int
| main ()
| {
| 
|      int op = , level = 0, eax, ebx, ecx, edx;
|      FILE *f;
|       __asm__ __volatile__ ("xchg %%ebx, %1\n"
|         "cpuid\n"
|         "xchg %%ebx, %1\n"
|         : "=a" (eax), "=r" (ebx), "=c" (ecx), "=d" (edx)
|         : "a" (op), "2" (level));
| 
|      f = fopen("conftest_cpuid", "w"); if (!f) return 1;
|      fprintf(f, "%x:%x:%x:%x\n", eax, ebx, ecx, edx);
|      fclose(f);
|      return 0;
| 
|   ;
|   return 0;
| }
configure:16194: result: unknown
configure:16211: checking for x86-AVX xgetbv  output
configure:16241: gcc -o conftest -g -O2   conftest.c  >&5
conftest.c: In function 'main':
conftest.c:28:15: error: expected expression before ',' token
      int op = , eax, edx;
               ^
configure:16241: $? = 1
configure: program exited with status 1
configure: failed program was:
| /* confdefs.h */
| #define PACKAGE_NAME "jellyfish"
| #define PACKAGE_TARNAME "jellyfish"
| #define PACKAGE_VERSION "2.2.10"
| #define PACKAGE_STRING "jellyfish 2.2.10"
| #define PACKAGE_BUGREPORT "gmarcais@umd.edu"
| #define PACKAGE_URL ""
| #define PACKAGE "jellyfish"
| #define VERSION "2.2.10"
| #define STDC_HEADERS 1
| #define HAVE_SYS_TYPES_H 1
| #define HAVE_SYS_STAT_H 1
| #define HAVE_STDLIB_H 1
| #define HAVE_STRING_H 1
| #define HAVE_MEMORY_H 1
| #define HAVE_STRINGS_H 1
| #define HAVE_INTTYPES_H 1
| #define HAVE_STDINT_H 1
| #define HAVE_UNISTD_H 1
| #define HAVE_DLFCN_H 1
| #define LT_OBJDIR ".libs/"
| /* end confdefs.h.  */
| #include <stdio.h>
| int
| main ()
| {
| 
|      int op = , eax, edx;
|      FILE *f;
|       /* Opcodes for xgetbv */
|       __asm__ __volatile__ (".byte 0x0f, 0x01, 0xd0"
|         : "=a" (eax), "=d" (edx)
|         : "c" (op));
|      f = fopen("conftest_xgetbv", "w"); if (!f) return 1;
|      fprintf(f, "%x:%x\n", eax, edx);
|      fclose(f);
|      return 0;
| 
|   ;
|   return 0;
| }
configure:16251: result: unknown
configure:16452: checking for x86 cpuid 0x00000000 output
configure:16484: gcc -o conftest -g -O2   conftest.c  >&5
configure:16484: $? = 0
configure:16484: ./conftest
configure:16484: $? = 0
configure:16494: result: d:756e6547:6c65746e:49656e69
configure:16517: checking for x86 cpuid 0x80000000 output
configure:16549: gcc -o conftest -g -O2   conftest.c  >&5
configure:16549: $? = 0
configure:16549: ./conftest
configure:16549: $? = 0
configure:16559: result: 80000008:0:0:0
configure:16584: checking for x86 cpuid 0x00000001 output
configure:16616: gcc -o conftest -g -O2   conftest.c  >&5
configure:16616: $? = 0
configure:16616: ./conftest
configure:16616: $? = 0
configure:16626: result: 306e7:3200800:7fbee3ff:bfebfbff
configure:16653: checking for x86 cpuid 0x00000007 output
configure:16685: gcc -o conftest -g -O2   conftest.c  >&5
configure:16685: $? = 0
configure:16685: ./conftest
configure:16685: $? = 0
configure:16695: result: 0:281:0:0
configure:16721: checking for x86 cpuid 0x80000001 output
configure:16753: gcc -o conftest -g -O2   conftest.c  >&5
configure:16753: $? = 0
configure:16753: ./conftest
configure:16753: $? = 0
configure:16763: result: 0:0:1:2c100800
configure:16822: gcc -o conftest -g -O2   conftest.c  >&5
configure:16822: $? = 0
configure:16822: ./conftest
configure:16822: $? = 0
configure:16851: checking for x86-AVX xgetbv 0x00000000 output
configure:16881: gcc -o conftest -g -O2   conftest.c  >&5
configure:16881: $? = 0
configure:16881: ./conftest
configure:16881: $? = 0
configure:16891: result: 7:0
configure:16945: checking whether RDRND is supported by the processor
configure:16958: result: yes
configure:16962: checking whether RDRND is supported by the processor and OS
configure:16975: result: yes
configure:16980: checking whether C++ compiler accepts -mrdrnd
configure:16999: g++ -c -std=c++11 -g -O2  -mrdrnd  conftest.cpp >&5
configure:16999: $? = 0
configure:17008: result: yes
configure:16945: checking whether BMI1 is supported by the processor
configure:16958: result: no
configure:16945: checking whether BMI2 is supported by the processor
configure:16958: result: no
configure:16945: checking whether ADX is supported by the processor
configure:16958: result: no
configure:16945: checking whether MPX is supported by the processor
configure:16958: result: no
configure:16945: checking whether PREFETCHWT1 is supported by the processor
configure:16958: result: no
configure:16945: checking whether ABM is supported by the processor
configure:16958: result: no
configure:16945: checking whether MMX is supported by the processor
configure:16958: result: yes
configure:16962: checking whether MMX is supported by the processor and OS
configure:16975: result: yes
configure:16980: checking whether C++ compiler accepts -mmmx
configure:16999: g++ -c -std=c++11 -g -O2  -mmmx  conftest.cpp >&5
configure:16999: $? = 0
configure:17008: result: yes
configure:16945: checking whether SSE is supported by the processor
configure:16958: result: yes
configure:16962: checking whether SSE is supported by the processor and OS
configure:16975: result: yes
configure:16980: checking whether C++ compiler accepts -msse
configure:16999: g++ -c -std=c++11 -g -O2  -msse  conftest.cpp >&5
configure:16999: $? = 0
configure:17008: result: yes
configure:16945: checking whether SSE2 is supported by the processor
configure:16958: result: yes
configure:16962: checking whether SSE2 is supported by the processor and OS
configure:16975: result: yes
configure:16980: checking whether C++ compiler accepts -msse2
configure:16999: g++ -c -std=c++11 -g -O2  -msse2  conftest.cpp >&5
configure:16999: $? = 0
configure:17008: result: yes
configure:16945: checking whether SSE3 is supported by the processor
configure:16958: result: yes
configure:16962: checking whether SSE3 is supported by the processor and OS
configure:16975: result: yes
configure:16980: checking whether C++ compiler accepts -msse3
configure:16999: g++ -c -std=c++11 -g -O2  -msse3  conftest.cpp >&5
configure:16999: $? = 0
configure:17008: result: yes
configure:16945: checking whether SSSE3 is supported by the processor
configure:16958: result: yes
configure:16962: checking whether SSSE3 is supported by the processor and OS
configure:16975: result: yes
configure:16980: checking whether C++ compiler accepts -mssse3
configure:16999: g++ -c -std=c++11 -g -O2  -mssse3  conftest.cpp >&5
configure:16999: $? = 0
configure:17008: result: yes
configure:16945: checking whether SSE4.1 is supported by the processor
configure:16958: result: yes
configure:16962: checking whether SSE4.1 is supported by the processor and OS
configure:16975: result: yes
configure:16980: checking whether C++ compiler accepts -msse4.1
configure:16999: g++ -c -std=c++11 -g -O2  -msse4.1  conftest.cpp >&5
configure:16999: $? = 0
configure:17008: result: yes
configure:16945: checking whether SSE4.2 is supported by the processor
configure:16958: result: yes
configure:16962: checking whether SSE4.2 is supported by the processor and OS
configure:16975: result: yes
configure:16980: checking whether C++ compiler accepts -msse4.2
configure:16999: g++ -c -std=c++11 -g -O2  -msse4.2  conftest.cpp >&5
configure:16999: $? = 0
configure:17008: result: yes
configure:16945: checking whether SSE4a is supported by the processor
configure:16958: result: no
configure:16945: checking whether SHA is supported by the processor
configure:16958: result: no
configure:16945: checking whether AES is supported by the processor
configure:16958: result: yes
configure:16962: checking whether AES is supported by the processor and OS
configure:16975: result: yes
configure:16980: checking whether C++ compiler accepts -maes
configure:16999: g++ -c -std=c++11 -g -O2  -maes  conftest.cpp >&5
configure:16999: $? = 0
configure:17008: result: yes
configure:16945: checking whether AVX is supported by the processor
configure:16958: result: yes
configure:16962: checking whether AVX is supported by the processor and OS
configure:16975: result: yes
configure:16980: checking whether C++ compiler accepts -mavx
configure:16999: g++ -c -std=c++11 -g -O2  -mavx  conftest.cpp >&5
configure:16999: $? = 0
configure:17008: result: yes
configure:16945: checking whether FMA3 is supported by the processor
configure:16958: result: no
configure:16945: checking whether FMA4 is supported by the processor
configure:16958: result: no
configure:16945: checking whether XOP is supported by the processor
configure:16958: result: no
configure:16945: checking whether AVX2 is supported by the processor
configure:16958: result: no
configure:16945: checking whether AVX512-F is supported by the processor
configure:16958: result: no
configure:16945: checking whether AVX512-CD is supported by the processor
configure:16958: result: no
configure:16945: checking whether AVX512-PF is supported by the processor
configure:16958: result: no
configure:16945: checking whether AVX512-ER is supported by the processor
configure:16958: result: no
configure:16945: checking whether AVX512-VL is supported by the processor
configure:16958: result: no
configure:16945: checking whether AVX512-BW is supported by the processor
configure:16958: result: no
configure:16945: checking whether AVX512-DQ is supported by the processor
configure:16958: result: no
configure:16945: checking whether AVX512-IFMA is supported by the processor
configure:16958: result: no
configure:16945: checking whether AVX512-VBMI is supported by the processor
configure:16958: result: no
configure:17206: checking for __int128
configure:17206: g++ -c -std=c++11 -g -O2  conftest.cpp >&5
configure:17206: $? = 0
configure:17206: g++ -c -std=c++11 -g -O2  conftest.cpp >&5
conftest.cpp: In function 'int main()':
conftest.cpp:69:14: error: expected primary-expression before '__int128'
 if (sizeof ((__int128)))
              ^
conftest.cpp:69:14: error: expected ')' before '__int128'
conftest.cpp:70:14: error: expected ')' before ';' token
      return 0;
              ^
conftest.cpp:70:14: error: expected ')' before ';' token
configure:17206: $? = 1
configure: failed program was:
| /* confdefs.h */
| #define PACKAGE_NAME "jellyfish"
| #define PACKAGE_TARNAME "jellyfish"
| #define PACKAGE_VERSION "2.2.10"
| #define PACKAGE_STRING "jellyfish 2.2.10"
| #define PACKAGE_BUGREPORT "gmarcais@umd.edu"
| #define PACKAGE_URL ""
| #define PACKAGE "jellyfish"
| #define VERSION "2.2.10"
| #define STDC_HEADERS 1
| #define HAVE_SYS_TYPES_H 1
| #define HAVE_SYS_STAT_H 1
| #define HAVE_STDLIB_H 1
| #define HAVE_STRING_H 1
| #define HAVE_MEMORY_H 1
| #define HAVE_STRINGS_H 1
| #define HAVE_INTTYPES_H 1
| #define HAVE_STDINT_H 1
| #define HAVE_UNISTD_H 1
| #define HAVE_DLFCN_H 1
| #define LT_OBJDIR ".libs/"
| #define HAVE_RDRND 1
| #define HAVE_MMX 1
| #define HAVE_SSE 1
| #define HAVE_SSE2 1
| #define HAVE_SSE3 1
| #define HAVE_SSSE3 1
| #define HAVE_SSE4_1 1
| #define HAVE_SSE4_2 1
| #define HAVE_AES 1
| #define HAVE_AVX 1
| /* end confdefs.h.  */
| #include <stdio.h>
| #ifdef HAVE_SYS_TYPES_H
| # include <sys/types.h>
| #endif
| #ifdef HAVE_SYS_STAT_H
| # include <sys/stat.h>
| #endif
| #ifdef STDC_HEADERS
| # include <stdlib.h>
| # include <stddef.h>
| #else
| # ifdef HAVE_STDLIB_H
| #  include <stdlib.h>
| # endif
| #endif
| #ifdef HAVE_STRING_H
| # if !defined STDC_HEADERS && defined HAVE_MEMORY_H
| #  include <memory.h>
| # endif
| # include <string.h>
| #endif
| #ifdef HAVE_STRINGS_H
| # include <strings.h>
| #endif
| #ifdef HAVE_INTTYPES_H
| # include <inttypes.h>
| #endif
| #ifdef HAVE_STDINT_H
| # include <stdint.h>
| #endif
| #ifdef HAVE_UNISTD_H
| # include <unistd.h>
| #endif
| int
| main ()
| {
| if (sizeof ((__int128)))
| 	    return 0;
|   ;
|   return 0;
| }
configure:17206: result: yes
configure:17213: checking for std::numeric_limits<__int128>
configure:17227: g++ -c -std=c++11 -g -O2  conftest.cpp >&5
conftest.cpp: In function 'int main()':
conftest.cpp:39:1: error: incomplete type 'StaticAssert<false>' used in nested name specifier
 StaticAssert<std::numeric_limits<__int128>::is_specialized>::assert();
 ^
configure:17227: $? = 1
configure: failed program was:
| /* confdefs.h */
| #define PACKAGE_NAME "jellyfish"
| #define PACKAGE_TARNAME "jellyfish"
| #define PACKAGE_VERSION "2.2.10"
| #define PACKAGE_STRING "jellyfish 2.2.10"
| #define PACKAGE_BUGREPORT "gmarcais@umd.edu"
| #define PACKAGE_URL ""
| #define PACKAGE "jellyfish"
| #define VERSION "2.2.10"
| #define STDC_HEADERS 1
| #define HAVE_SYS_TYPES_H 1
| #define HAVE_SYS_STAT_H 1
| #define HAVE_STDLIB_H 1
| #define HAVE_STRING_H 1
| #define HAVE_MEMORY_H 1
| #define HAVE_STRINGS_H 1
| #define HAVE_INTTYPES_H 1
| #define HAVE_STDINT_H 1
| #define HAVE_UNISTD_H 1
| #define HAVE_DLFCN_H 1
| #define LT_OBJDIR ".libs/"
| #define HAVE_RDRND 1
| #define HAVE_MMX 1
| #define HAVE_SSE 1
| #define HAVE_SSE2 1
| #define HAVE_SSE3 1
| #define HAVE_SSSE3 1
| #define HAVE_SSE4_1 1
| #define HAVE_SSE4_2 1
| #define HAVE_AES 1
| #define HAVE_AVX 1
| #define HAVE_INT128 1
| /* end confdefs.h.  */
| #include <limits>
|                                             template<bool> struct StaticAssert; template<> struct StaticAssert<true> { static void assert() { } };
| int
| main ()
| {
| StaticAssert<std::numeric_limits<__int128>::is_specialized>::assert();
|   ;
|   return 0;
| }
configure:17234: result: no
configure:17241: checking for _NSGetExecutablePath
configure:17254: g++ -o conftest -std=c++11 -g -O2   conftest.cpp  >&5
conftest.cpp:34:25: fatal error: mach-o/dyld.h: No such file or directory
 #include <mach-o/dyld.h>
                         ^
compilation terminated.
configure:17254: $? = 1
configure: failed program was:
| /* confdefs.h */
| #define PACKAGE_NAME "jellyfish"
| #define PACKAGE_TARNAME "jellyfish"
| #define PACKAGE_VERSION "2.2.10"
| #define PACKAGE_STRING "jellyfish 2.2.10"
| #define PACKAGE_BUGREPORT "gmarcais@umd.edu"
| #define PACKAGE_URL ""
| #define PACKAGE "jellyfish"
| #define VERSION "2.2.10"
| #define STDC_HEADERS 1
| #define HAVE_SYS_TYPES_H 1
| #define HAVE_SYS_STAT_H 1
| #define HAVE_STDLIB_H 1
| #define HAVE_STRING_H 1
| #define HAVE_MEMORY_H 1
| #define HAVE_STRINGS_H 1
| #define HAVE_INTTYPES_H 1
| #define HAVE_STDINT_H 1
| #define HAVE_UNISTD_H 1
| #define HAVE_DLFCN_H 1
| #define LT_OBJDIR ".libs/"
| #define HAVE_RDRND 1
| #define HAVE_MMX 1
| #define HAVE_SSE 1
| #define HAVE_SSE2 1
| #define HAVE_SSE3 1
| #define HAVE_SSSE3 1
| #define HAVE_SSE4_1 1
| #define HAVE_SSE4_2 1
| #define HAVE_AES 1
| #define HAVE_AVX 1
| #define HAVE_INT128 1
| /* end confdefs.h.  */
| #include <mach-o/dyld.h>
| int
| main ()
| {
| _NSGetExecutablePath(0, 0);
|   ;
|   return 0;
| }
configure:17261: result: no
configure:17273: checking for execinfo.h
configure:17273: g++ -c -std=c++11 -g -O2  conftest.cpp >&5
configure:17273: $? = 0
configure:17273: result: yes
configure:17273: checking for ext/stdio_filebuf.h
configure:17273: g++ -c -std=c++11 -g -O2  conftest.cpp >&5
configure:17273: $? = 0
configure:17273: result: yes
configure:17273: checking for sys/syscall.h
configure:17273: g++ -c -std=c++11 -g -O2  conftest.cpp >&5
configure:17273: $? = 0
configure:17273: result: yes
configure:17291: checking for siginfo_t.si_int
configure:17291: g++ -c -std=c++11 -g -O2  conftest.cpp >&5
configure:17291: $? = 0
configure:17291: result: yes
configure:18160: checking for posix_memalign
configure:18160: g++ -o conftest -std=c++11 -g -O2   conftest.cpp  >&5
configure:18160: $? = 0
configure:18160: result: yes
configure:18160: checking for aligned_alloc
configure:18160: g++ -o conftest -std=c++11 -g -O2   conftest.cpp  >&5
configure:18160: $? = 0
configure:18160: result: yes
configure:18279: checking that generated files are newer than configure
configure:18285: result: done
configure:18332: creating ./config.status

## ---------------------- ##
## Running config.status. ##
## ---------------------- ##

This file was extended by jellyfish config.status 2.2.10, which was
generated by GNU Autoconf 2.69.  Invocation command line was

  CONFIG_FILES    = 
  CONFIG_HEADERS  = 
  CONFIG_LINKS    = 
  CONFIG_COMMANDS = 
  $ ./config.status 

on Alpha

config.status:1208: creating Makefile
config.status:1208: creating tests/compat.sh
config.status:1208: creating jellyfish-2.0.pc
config.status:1208: creating config.h
config.status:1437: executing depfiles commands
config.status:1437: executing libtool commands

## ---------------- ##
## Cache variables. ##
## ---------------- ##

ac_cv_build=x86_64-unknown-linux-gnu
ac_cv_c_compiler_gnu=yes
ac_cv_cxx_compiler_gnu=yes
ac_cv_env_CCC_set=
ac_cv_env_CCC_value=
ac_cv_env_CC_set=
ac_cv_env_CC_value=
ac_cv_env_CFLAGS_set=
ac_cv_env_CFLAGS_value=
ac_cv_env_CPPFLAGS_set=
ac_cv_env_CPPFLAGS_value=
ac_cv_env_CPP_set=
ac_cv_env_CPP_value=
ac_cv_env_CXXCPP_set=
ac_cv_env_CXXCPP_value=
ac_cv_env_CXXFLAGS_set=
ac_cv_env_CXXFLAGS_value=
ac_cv_env_CXX_set=
ac_cv_env_CXX_value=
ac_cv_env_HTSLIB_CFLAGS_set=
ac_cv_env_HTSLIB_CFLAGS_value=
ac_cv_env_HTSLIB_LIBS_set=
ac_cv_env_HTSLIB_LIBS_value=
ac_cv_env_LDFLAGS_set=
ac_cv_env_LDFLAGS_value=
ac_cv_env_LIBS_set=
ac_cv_env_LIBS_value=
ac_cv_env_MD5_set=
ac_cv_env_MD5_value=
ac_cv_env_PERL_EXT_CPPFLAGS_set=
ac_cv_env_PERL_EXT_CPPFLAGS_value=
ac_cv_env_PERL_EXT_INC_set=
ac_cv_env_PERL_EXT_INC_value=
ac_cv_env_PERL_EXT_LDFLAGS_set=
ac_cv_env_PERL_EXT_LDFLAGS_value=
ac_cv_env_PERL_EXT_LIB_set=
ac_cv_env_PERL_EXT_LIB_value=
ac_cv_env_PERL_EXT_PREFIX_set=
ac_cv_env_PERL_EXT_PREFIX_value=
ac_cv_env_PKG_CONFIG_LIBDIR_set=
ac_cv_env_PKG_CONFIG_LIBDIR_value=
ac_cv_env_PKG_CONFIG_PATH_set=
ac_cv_env_PKG_CONFIG_PATH_value=
ac_cv_env_PKG_CONFIG_set=
ac_cv_env_PKG_CONFIG_value=
ac_cv_env_PYTHON_VERSION_set=
ac_cv_env_PYTHON_VERSION_value=
ac_cv_env_RUBY_set=
ac_cv_env_RUBY_value=
ac_cv_env_SAMTOOLS_set=
ac_cv_env_SAMTOOLS_value=
ac_cv_env_VALGRIND_CFLAGS_set=
ac_cv_env_VALGRIND_CFLAGS_value=
ac_cv_env_VALGRIND_LIBS_set=
ac_cv_env_VALGRIND_LIBS_value=
ac_cv_env_YAGGO_set=
ac_cv_env_YAGGO_value=
ac_cv_env_build_alias_set=
ac_cv_env_build_alias_value=
ac_cv_env_host_alias_set=
ac_cv_env_host_alias_value=
ac_cv_env_target_alias_set=
ac_cv_env_target_alias_value=
ac_cv_func_aligned_alloc=yes
ac_cv_func_posix_memalign=yes
ac_cv_header_dlfcn_h=yes
ac_cv_header_execinfo_h=yes
ac_cv_header_ext_stdio_filebuf_h=yes
ac_cv_header_inttypes_h=yes
ac_cv_header_memory_h=yes
ac_cv_header_stdc=yes
ac_cv_header_stdint_h=yes
ac_cv_header_stdlib_h=yes
ac_cv_header_string_h=yes
ac_cv_header_strings_h=yes
ac_cv_header_sys_stat_h=yes
ac_cv_header_sys_syscall_h=yes
ac_cv_header_sys_types_h=yes
ac_cv_header_unistd_h=yes
ac_cv_host=x86_64-unknown-linux-gnu
ac_cv_member_siginfo_t_si_int=yes
ac_cv_objext=o
ac_cv_path_EGREP='/bin/grep -E'
ac_cv_path_FGREP='/bin/grep -F'
ac_cv_path_GREP=/bin/grep
ac_cv_path_SAMTOOLS=/software/bin/samtools
ac_cv_path_SED=/bin/sed
ac_cv_path_YAGGO=false
ac_cv_path_ac_pt_PKG_CONFIG=/usr/bin/pkg-config
ac_cv_path_install='/usr/bin/install -c'
ac_cv_path_mkdir=/bin/mkdir
ac_cv_prog_AWK=gawk
ac_cv_prog_CPP='gcc -E'
ac_cv_prog_CXXCPP='g++ -E'
ac_cv_prog_MD5=md5sum
ac_cv_prog_ac_ct_AR=ar
ac_cv_prog_ac_ct_CC=gcc
ac_cv_prog_ac_ct_CXX=g++
ac_cv_prog_ac_ct_MANIFEST_TOOL=mt
ac_cv_prog_ac_ct_OBJDUMP=objdump
ac_cv_prog_ac_ct_RANLIB=ranlib
ac_cv_prog_ac_ct_STRIP=strip
ac_cv_prog_cc_c89=
ac_cv_prog_cc_g=yes
ac_cv_prog_cxx_g=yes
ac_cv_prog_make_make_set=yes
ac_cv_type___int128=yes
acl_cv_hardcode_direct=no
acl_cv_hardcode_libdir_flag_spec='${wl}-rpath ${wl}$libdir'
acl_cv_hardcode_libdir_separator=
acl_cv_hardcode_minus_L=no
acl_cv_libext=a
acl_cv_path_LD='/usr/bin/ld -m elf_x86_64'
acl_cv_prog_gnu_ld=yes
acl_cv_rpath=done
acl_cv_shlibext=so
acl_cv_wl=-Wl,
am_cv_CC_dependencies_compiler_type=gcc3
am_cv_CXX_dependencies_compiler_type=gcc3
am_cv_make_support_nested_variables=yes
am_cv_prog_cc_c_o=yes
ax_cv_check_cxxflags___maes=yes
ax_cv_check_cxxflags___mavx=yes
ax_cv_check_cxxflags___mmmx=yes
ax_cv_check_cxxflags___mrdrnd=yes
ax_cv_check_cxxflags___msse2=yes
ax_cv_check_cxxflags___msse3=yes
ax_cv_check_cxxflags___msse4_1=yes
ax_cv_check_cxxflags___msse4_2=yes
ax_cv_check_cxxflags___msse=yes
ax_cv_check_cxxflags___mssse3=yes
ax_cv_gcc_x86_avx_xgetbv_0x00000000=7:0
ax_cv_gcc_x86_avx_xgetbv_=unknown
ax_cv_gcc_x86_cpuid_0x00000000=d:756e6547:6c65746e:49656e69
ax_cv_gcc_x86_cpuid_0x00000001=306e7:3200800:7fbee3ff:bfebfbff
ax_cv_gcc_x86_cpuid_0x00000007=0:281:0:0
ax_cv_gcc_x86_cpuid_0x80000000=80000008:0:0:0
ax_cv_gcc_x86_cpuid_0x80000001=0:0:1:2c100800
ax_cv_gcc_x86_cpuid_=unknown
ax_cv_have_abm_cpu_ext=no
ax_cv_have_abm_ext=no
ax_cv_have_adx_cpu_ext=no
ax_cv_have_adx_ext=no
ax_cv_have_aes_cpu_ext=yes
ax_cv_have_aes_ext=yes
ax_cv_have_avx2_cpu_ext=no
ax_cv_have_avx2_ext=no
ax_cv_have_avx512_os_support_ext=no
ax_cv_have_avx512bw_cpu_ext=no
ax_cv_have_avx512bw_ext=no
ax_cv_have_avx512cd_cpu_ext=no
ax_cv_have_avx512cd_ext=no
ax_cv_have_avx512dq_cpu_ext=no
ax_cv_have_avx512dq_ext=no
ax_cv_have_avx512er_cpu_ext=no
ax_cv_have_avx512er_ext=no
ax_cv_have_avx512f_cpu_ext=no
ax_cv_have_avx512f_ext=no
ax_cv_have_avx512ifma_cpu_ext=no
ax_cv_have_avx512ifma_ext=no
ax_cv_have_avx512pf_cpu_ext=no
ax_cv_have_avx512pf_ext=no
ax_cv_have_avx512vbmi_cpu_ext=no
ax_cv_have_avx512vbmi_ext=no
ax_cv_have_avx512vl_cpu_ext=no
ax_cv_have_avx512vl_ext=no
ax_cv_have_avx_cpu_ext=yes
ax_cv_have_avx_ext=yes
ax_cv_have_avx_os_support_ext=yes
ax_cv_have_bmi1_cpu_ext=no
ax_cv_have_bmi1_ext=no
ax_cv_have_bmi2_cpu_ext=no
ax_cv_have_bmi2_ext=no
ax_cv_have_fma3_cpu_ext=no
ax_cv_have_fma3_ext=no
ax_cv_have_fma4_cpu_ext=no
ax_cv_have_fma4_ext=no
ax_cv_have_mmx_cpu_ext=yes
ax_cv_have_mmx_ext=yes
ax_cv_have_mmx_os_support_ext=yes
ax_cv_have_mpx_cpu_ext=no
ax_cv_have_mpx_ext=no
ax_cv_have_none_os_support_ext=yes
ax_cv_have_prefetchwt1_cpu_ext=no
ax_cv_have_prefetchwt1_ext=no
ax_cv_have_rdrnd_cpu_ext=yes
ax_cv_have_rdrnd_ext=yes
ax_cv_have_sha_cpu_ext=no
ax_cv_have_sha_ext=no
ax_cv_have_sse2_cpu_ext=yes
ax_cv_have_sse2_ext=yes
ax_cv_have_sse3_cpu_ext=yes
ax_cv_have_sse3_ext=yes
ax_cv_have_sse41_cpu_ext=yes
ax_cv_have_sse41_ext=yes
ax_cv_have_sse42_cpu_ext=yes
ax_cv_have_sse42_ext=yes
ax_cv_have_sse4a_cpu_ext=no
ax_cv_have_sse4a_ext=no
ax_cv_have_sse_cpu_ext=yes
ax_cv_have_sse_ext=yes
ax_cv_have_sse_os_support_ext=yes
ax_cv_have_ssse3_cpu_ext=yes
ax_cv_have_ssse3_ext=yes
ax_cv_have_xop_cpu_ext=no
ax_cv_have_xop_ext=no
ax_cv_support_abm_ext=no
ax_cv_support_adx_ext=no
ax_cv_support_aes_ext=yes
ax_cv_support_avx2_ext=no
ax_cv_support_avx512bw_ext=no
ax_cv_support_avx512cd_ext=no
ax_cv_support_avx512dq_ext=no
ax_cv_support_avx512er_ext=no
ax_cv_support_avx512f_ext=no
ax_cv_support_avx512ifma_ext=no
ax_cv_support_avx512pf_ext=no
ax_cv_support_avx512vbmi_ext=no
ax_cv_support_avx512vl_ext=no
ax_cv_support_avx_ext=yes
ax_cv_support_bmi1_ext=no
ax_cv_support_bmi2_ext=no
ax_cv_support_fma3_ext=no
ax_cv_support_fma4_ext=no
ax_cv_support_mmx_ext=yes
ax_cv_support_mpx_ext=no
ax_cv_support_prefetchwt1_ext=no
ax_cv_support_rdrnd_ext=yes
ax_cv_support_sha_ext=no
ax_cv_support_sse2_ext=yes
ax_cv_support_sse3_ext=yes
ax_cv_support_sse41_ext=yes
ax_cv_support_sse42_ext=yes
ax_cv_support_sse4a_ext=no
ax_cv_support_sse_ext=yes
ax_cv_support_ssse3_ext=yes
ax_cv_support_xop_ext=no
lt_cv_ar_at_file=@
lt_cv_archive_cmds_need_lc=no
lt_cv_deplibs_check_method=pass_all
lt_cv_file_magic_cmd='$MAGIC_CMD'
lt_cv_file_magic_test_file=
lt_cv_ld_reload_flag=-r
lt_cv_nm_interface='BSD nm'
lt_cv_objdir=.libs
lt_cv_path_LD=/usr/bin/ld
lt_cv_path_LDCXX='/usr/bin/ld -m elf_x86_64'
lt_cv_path_NM='/usr/bin/nm -B'
lt_cv_path_mainfest_tool=no
lt_cv_prog_compiler_c_o=yes
lt_cv_prog_compiler_c_o_CXX=yes
lt_cv_prog_compiler_pic='-fPIC -DPIC'
lt_cv_prog_compiler_pic_CXX='-fPIC -DPIC'
lt_cv_prog_compiler_pic_works=yes
lt_cv_prog_compiler_pic_works_CXX=yes
lt_cv_prog_compiler_rtti_exceptions=no
lt_cv_prog_compiler_static_works=yes
lt_cv_prog_compiler_static_works_CXX=yes
lt_cv_prog_gnu_ld=yes
lt_cv_prog_gnu_ldcxx=yes
lt_cv_sharedlib_from_linklib_cmd='printf %s\n'
lt_cv_shlibpath_overrides_runpath=no
lt_cv_sys_global_symbol_pipe='sed -n -e '\''s/^.*[	 ]\([ABCDGIRSTW][ABCDGIRSTW]*\)[	 ][	 ]*\([_A-Za-z][_A-Za-z0-9]*\)$/\1 \2 \2/p'\'' | sed '\''/ __gnu_lto/d'\'''
lt_cv_sys_global_symbol_to_c_name_address='sed -n -e '\''s/^: \([^ ]*\)[ ]*$/  {\"\1\", (void *) 0},/p'\'' -e '\''s/^[ABCDGIRSTW]* \([^ ]*\) \([^ ]*\)$/  {"\2", (void *) \&\2},/p'\'''
lt_cv_sys_global_symbol_to_c_name_address_lib_prefix='sed -n -e '\''s/^: \([^ ]*\)[ ]*$/  {\"\1\", (void *) 0},/p'\'' -e '\''s/^[ABCDGIRSTW]* \([^ ]*\) \(lib[^ ]*\)$/  {"\2", (void *) \&\2},/p'\'' -e '\''s/^[ABCDGIRSTW]* \([^ ]*\) \([^ ]*\)$/  {"lib\2", (void *) \&\2},/p'\'''
lt_cv_sys_global_symbol_to_cdecl='sed -n -e '\''s/^T .* \(.*\)$/extern int \1();/p'\'' -e '\''s/^[ABCDGIRSTW]* .* \(.*\)$/extern char \1;/p'\'''
lt_cv_sys_max_cmd_len=1572864
lt_cv_to_host_file_cmd=func_convert_file_noop
lt_cv_to_tool_file_cmd=func_convert_file_noop

## ----------------- ##
## Output variables. ##
## ----------------- ##

ACLOCAL='${SHELL} /home3/scc20x/Software/jellyfish-2.2.10/missing aclocal-1.14'
AMDEPBACKSLASH='\'
AMDEP_FALSE='#'
AMDEP_TRUE=''
AMTAR='$${TAR-tar}'
AM_BACKSLASH='\'
AM_DEFAULT_V='$(AM_DEFAULT_VERBOSITY)'
AM_DEFAULT_VERBOSITY='0'
AM_V='$(V)'
AR='ar'
AUTOCONF='${SHELL} /home3/scc20x/Software/jellyfish-2.2.10/missing autoconf'
AUTOHEADER='${SHELL} /home3/scc20x/Software/jellyfish-2.2.10/missing autoheader'
AUTOMAKE='${SHELL} /home3/scc20x/Software/jellyfish-2.2.10/missing automake-1.14'
AWK='gawk'
CC='gcc'
CCDEPMODE='depmode=gcc3'
CFLAGS='-g -O2'
CPP='gcc -E'
CPPFLAGS=''
CPUEXT_FLAGS=' -mrdrnd'
CXX='g++'
CXXCPP='g++ -E'
CXXDEPMODE='depmode=gcc3'
CXXFLAGS='-std=c++11 -g -O2'
CYGPATH_W='echo'
DEFS='-DHAVE_CONFIG_H'
DEPDIR='.deps'
DLLTOOL='false'
DSYMUTIL=''
DUMPBIN=''
ECHO_C=''
ECHO_N='-n'
ECHO_T=''
EGREP='/bin/grep -E'
EXEEXT=''
FGREP='/bin/grep -F'
GREP='/bin/grep'
HAVE_SWIG_FALSE=''
HAVE_SWIG_TRUE='#'
HTSLIB_CFLAGS=''
HTSLIB_LIBS=''
HTSLIB_RPATH=''
INSTALL_DATA='${INSTALL} -m 644'
INSTALL_PROGRAM='${INSTALL}'
INSTALL_SCRIPT='${INSTALL}'
INSTALL_STRIP_PROGRAM='$(install_sh) -c -s'
LD='/usr/bin/ld -m elf_x86_64'
LDFLAGS=''
LIBOBJS=''
LIBS=''
LIBTOOL='$(SHELL) $(top_builddir)/libtool'
LIPO=''
LN_S='ln -s'
LTLIBOBJS=''
MAKEINFO='${SHELL} /home3/scc20x/Software/jellyfish-2.2.10/missing makeinfo'
MANIFEST_TOOL=':'
MD5='md5sum'
MKDIR_P='/bin/mkdir -p'
NM='/usr/bin/nm -B'
NMEDIT=''
OBJDUMP='objdump'
OBJEXT='o'
OTOOL64=''
OTOOL=''
PACKAGE='jellyfish'
PACKAGE_BUGREPORT='gmarcais@umd.edu'
PACKAGE_LIB='2.0'
PACKAGE_NAME='jellyfish'
PACKAGE_STRING='jellyfish 2.2.10'
PACKAGE_TARNAME='jellyfish'
PACKAGE_URL=''
PACKAGE_VERSION='2.2.10'
PATH_SEPARATOR=':'
PERL=''
PERL_BINDING_FALSE=''
PERL_BINDING_TRUE='#'
PERL_EXT_CPPFLAGS=''
PERL_EXT_INC=''
PERL_EXT_LDFLAGS=''
PERL_EXT_LIB=''
PERL_EXT_PREFIX=''
PKG_CONFIG='/usr/bin/pkg-config'
PKG_CONFIG_LIBDIR=''
PKG_CONFIG_PATH=''
PYTHON=''
PYTHON_BINDING_FALSE=''
PYTHON_BINDING_TRUE='#'
PYTHON_CPPFLAGS=''
PYTHON_DEPRECATED_FALSE='#'
PYTHON_DEPRECATED_TRUE=''
PYTHON_EXTRA_LDFLAGS=''
PYTHON_EXTRA_LIBS=''
PYTHON_LDFLAGS=''
PYTHON_SITE_PKG=''
PYTHON_VERSION=''
RANLIB='ranlib'
RUBY=''
RUBY_BINDING_FALSE=''
RUBY_BINDING_TRUE='#'
RUBY_EXT_CFLAGS=''
RUBY_EXT_LDFLAGS=''
RUBY_EXT_LIB=''
RUBY_EXT_LIBS=''
RUBY_VERSION=''
SAMTOOLS='/software/bin/samtools'
SED='/bin/sed'
SET_MAKE=''
SHELL='/bin/bash'
SIMD_FLAGS=' -mmmx -msse -msse2 -msse3 -mssse3 -msse4.1 -msse4.2 -maes -mavx'
STATIC_FLAGS=''
STRIP='strip'
SWIG=''
SWIG_LIB=''
VALGRIND_CFLAGS=''
VALGRIND_LIBS=''
VERSION='2.2.10'
YAGGO='false'
ac_ct_AR='ar'
ac_ct_CC='gcc'
ac_ct_CXX='g++'
ac_ct_DUMPBIN=''
am__EXEEXT_FALSE=''
am__EXEEXT_TRUE='#'
am__fastdepCC_FALSE='#'
am__fastdepCC_TRUE=''
am__fastdepCXX_FALSE='#'
am__fastdepCXX_TRUE=''
am__include='include'
am__isrc=''
am__leading_dot='.'
am__nodep='_no'
am__quote=''
am__tar='$${TAR-tar} chof - "$$tardir"'
am__untar='$${TAR-tar} xf -'
bindir='${exec_prefix}/bin'
build='x86_64-unknown-linux-gnu'
build_alias=''
build_cpu='x86_64'
build_os='linux-gnu'
build_vendor='unknown'
datadir='${datarootdir}'
datarootdir='${prefix}/share'
docdir='${datarootdir}/doc/${PACKAGE_TARNAME}'
dvidir='${docdir}'
exec_prefix='${prefix}'
host='x86_64-unknown-linux-gnu'
host_alias=''
host_cpu='x86_64'
host_os='linux-gnu'
host_vendor='unknown'
htmldir='${docdir}'
includedir='${prefix}/include'
infodir='${datarootdir}/info'
install_sh='${SHELL} /home3/scc20x/Software/jellyfish-2.2.10/install-sh'
libdir='${exec_prefix}/lib'
libexecdir='${exec_prefix}/libexec'
localedir='${datarootdir}/locale'
localstatedir='${prefix}/var'
mandir='${datarootdir}/man'
mkdir_p='$(MKDIR_P)'
oldincludedir='/usr/include'
pdfdir='${docdir}'
prefix='/usr/local'
program_transform_name='s,x,x,'
psdir='${docdir}'
sbindir='${exec_prefix}/sbin'
sharedstatedir='${prefix}/com'
sysconfdir='${prefix}/etc'
target_alias=''

## ----------- ##
## confdefs.h. ##
## ----------- ##

/* confdefs.h */
#define PACKAGE_NAME "jellyfish"
#define PACKAGE_TARNAME "jellyfish"
#define PACKAGE_VERSION "2.2.10"
#define PACKAGE_STRING "jellyfish 2.2.10"
#define PACKAGE_BUGREPORT "gmarcais@umd.edu"
#define PACKAGE_URL ""
#define PACKAGE "jellyfish"
#define VERSION "2.2.10"
#define STDC_HEADERS 1
#define HAVE_SYS_TYPES_H 1
#define HAVE_SYS_STAT_H 1
#define HAVE_STDLIB_H 1
#define HAVE_STRING_H 1
#define HAVE_MEMORY_H 1
#define HAVE_STRINGS_H 1
#define HAVE_INTTYPES_H 1
#define HAVE_STDINT_H 1
#define HAVE_UNISTD_H 1
#define HAVE_DLFCN_H 1
#define LT_OBJDIR ".libs/"
#define HAVE_RDRND 1
#define HAVE_MMX 1
#define HAVE_SSE 1
#define HAVE_SSE2 1
#define HAVE_SSE3 1
#define HAVE_SSSE3 1
#define HAVE_SSE4_1 1
#define HAVE_SSE4_2 1
#define HAVE_AES 1
#define HAVE_AVX 1
#define HAVE_INT128 1
#define HAVE_EXECINFO_H 1
#define HAVE_EXT_STDIO_FILEBUF_H 1
#define HAVE_SYS_SYSCALL_H 1
#define HAVE_SI_INT 1
#define HAVE_POSIX_MEMALIGN 1
#define HAVE_ALIGNED_ALLOC 1

configure: exit 0
